2019-08-15 20:44:31.389 [main] ERROR [com.alibaba.druid.pool.DruidAbstractDataSource.setMaxIdle] - maxIdle is deprecated
2019-08-15 20:44:52.557 [main] ERROR [com.alibaba.druid.pool.DruidDataSource.init] - init datasource error, url: jdbc:mysql://rm-2ze83h0t8e160gu42o.mysql.rds.aliyuncs.com:3306/szmg_data_hive_analysis?useUnicode=true&characterEncoding=utf8
com.mysql.jdbc.exceptions.jdbc4.CommunicationsException: Communications link failure

The last packet sent successfully to the server was 0 milliseconds ago. The driver has not received any packets from the server.
	at sun.reflect.NativeConstructorAccessorImpl.newInstance0(Native Method) ~[?:1.8.0_111]
	at sun.reflect.NativeConstructorAccessorImpl.newInstance(NativeConstructorAccessorImpl.java:62) ~[?:1.8.0_111]
	at sun.reflect.DelegatingConstructorAccessorImpl.newInstance(DelegatingConstructorAccessorImpl.java:45) ~[?:1.8.0_111]
	at java.lang.reflect.Constructor.newInstance(Constructor.java:423) ~[?:1.8.0_111]
	at com.mysql.jdbc.Util.handleNewInstance(Util.java:404) ~[mysql-connector-java-5.1.38.jar:5.1.38]
	at com.mysql.jdbc.SQLError.createCommunicationsException(SQLError.java:981) ~[mysql-connector-java-5.1.38.jar:5.1.38]
	at com.mysql.jdbc.MysqlIO.<init>(MysqlIO.java:339) ~[mysql-connector-java-5.1.38.jar:5.1.38]
	at com.mysql.jdbc.ConnectionImpl.coreConnect(ConnectionImpl.java:2253) ~[mysql-connector-java-5.1.38.jar:5.1.38]
	at com.mysql.jdbc.ConnectionImpl.connectOneTryOnly(ConnectionImpl.java:2286) ~[mysql-connector-java-5.1.38.jar:5.1.38]
	at com.mysql.jdbc.ConnectionImpl.createNewIO(ConnectionImpl.java:2085) ~[mysql-connector-java-5.1.38.jar:5.1.38]
	at com.mysql.jdbc.ConnectionImpl.<init>(ConnectionImpl.java:795) ~[mysql-connector-java-5.1.38.jar:5.1.38]
	at com.mysql.jdbc.JDBC4Connection.<init>(JDBC4Connection.java:44) ~[mysql-connector-java-5.1.38.jar:5.1.38]
	at sun.reflect.NativeConstructorAccessorImpl.newInstance0(Native Method) ~[?:1.8.0_111]
	at sun.reflect.NativeConstructorAccessorImpl.newInstance(NativeConstructorAccessorImpl.java:62) ~[?:1.8.0_111]
	at sun.reflect.DelegatingConstructorAccessorImpl.newInstance(DelegatingConstructorAccessorImpl.java:45) ~[?:1.8.0_111]
	at java.lang.reflect.Constructor.newInstance(Constructor.java:423) ~[?:1.8.0_111]
	at com.mysql.jdbc.Util.handleNewInstance(Util.java:404) ~[mysql-connector-java-5.1.38.jar:5.1.38]
	at com.mysql.jdbc.ConnectionImpl.getInstance(ConnectionImpl.java:400) ~[mysql-connector-java-5.1.38.jar:5.1.38]
	at com.mysql.jdbc.NonRegisteringDriver.connect(NonRegisteringDriver.java:327) ~[mysql-connector-java-5.1.38.jar:5.1.38]
	at com.alibaba.druid.pool.DruidAbstractDataSource.createPhysicalConnection(DruidAbstractDataSource.java:1513) ~[druid-1.1.9.jar:1.1.9]
	at com.alibaba.druid.pool.DruidAbstractDataSource.createPhysicalConnection(DruidAbstractDataSource.java:1578) ~[druid-1.1.9.jar:1.1.9]
	at com.alibaba.druid.pool.DruidDataSource.init(DruidDataSource.java:859) [druid-1.1.9.jar:1.1.9]
	at com.alibaba.druid.pool.DruidDataSource.getConnection(DruidDataSource.java:1227) [druid-1.1.9.jar:1.1.9]
	at com.alibaba.druid.pool.DruidDataSource.getConnection(DruidDataSource.java:1223) [druid-1.1.9.jar:1.1.9]
	at com.alibaba.druid.pool.DruidDataSource.getConnection(DruidDataSource.java:90) [druid-1.1.9.jar:1.1.9]
	at TestDemo.main(TestDemo.java:96) [test-classes/:?]
Caused by: java.net.ConnectException: Connection timed out: connect
	at java.net.DualStackPlainSocketImpl.connect0(Native Method) ~[?:1.8.0_111]
	at java.net.DualStackPlainSocketImpl.socketConnect(DualStackPlainSocketImpl.java:79) ~[?:1.8.0_111]
	at java.net.AbstractPlainSocketImpl.doConnect(AbstractPlainSocketImpl.java:350) ~[?:1.8.0_111]
	at java.net.AbstractPlainSocketImpl.connectToAddress(AbstractPlainSocketImpl.java:206) ~[?:1.8.0_111]
	at java.net.AbstractPlainSocketImpl.connect(AbstractPlainSocketImpl.java:188) ~[?:1.8.0_111]
	at java.net.PlainSocketImpl.connect(PlainSocketImpl.java:172) ~[?:1.8.0_111]
	at java.net.SocksSocketImpl.connect(SocksSocketImpl.java:392) ~[?:1.8.0_111]
	at java.net.Socket.connect(Socket.java:589) ~[?:1.8.0_111]
	at com.mysql.jdbc.StandardSocketFactory.connect(StandardSocketFactory.java:211) ~[mysql-connector-java-5.1.38.jar:5.1.38]
	at com.mysql.jdbc.MysqlIO.<init>(MysqlIO.java:298) ~[mysql-connector-java-5.1.38.jar:5.1.38]
	... 19 more
2019-08-15 20:44:52.575 [main] ERROR [com.alibaba.druid.pool.DruidDataSource.init] - {dataSource-1} init error
com.mysql.jdbc.exceptions.jdbc4.CommunicationsException: Communications link failure

The last packet sent successfully to the server was 0 milliseconds ago. The driver has not received any packets from the server.
	at sun.reflect.NativeConstructorAccessorImpl.newInstance0(Native Method) ~[?:1.8.0_111]
	at sun.reflect.NativeConstructorAccessorImpl.newInstance(NativeConstructorAccessorImpl.java:62) ~[?:1.8.0_111]
	at sun.reflect.DelegatingConstructorAccessorImpl.newInstance(DelegatingConstructorAccessorImpl.java:45) ~[?:1.8.0_111]
	at java.lang.reflect.Constructor.newInstance(Constructor.java:423) ~[?:1.8.0_111]
	at com.mysql.jdbc.Util.handleNewInstance(Util.java:404) ~[mysql-connector-java-5.1.38.jar:5.1.38]
	at com.mysql.jdbc.SQLError.createCommunicationsException(SQLError.java:981) ~[mysql-connector-java-5.1.38.jar:5.1.38]
	at com.mysql.jdbc.MysqlIO.<init>(MysqlIO.java:339) ~[mysql-connector-java-5.1.38.jar:5.1.38]
	at com.mysql.jdbc.ConnectionImpl.coreConnect(ConnectionImpl.java:2253) ~[mysql-connector-java-5.1.38.jar:5.1.38]
	at com.mysql.jdbc.ConnectionImpl.connectOneTryOnly(ConnectionImpl.java:2286) ~[mysql-connector-java-5.1.38.jar:5.1.38]
	at com.mysql.jdbc.ConnectionImpl.createNewIO(ConnectionImpl.java:2085) ~[mysql-connector-java-5.1.38.jar:5.1.38]
	at com.mysql.jdbc.ConnectionImpl.<init>(ConnectionImpl.java:795) ~[mysql-connector-java-5.1.38.jar:5.1.38]
	at com.mysql.jdbc.JDBC4Connection.<init>(JDBC4Connection.java:44) ~[mysql-connector-java-5.1.38.jar:5.1.38]
	at sun.reflect.NativeConstructorAccessorImpl.newInstance0(Native Method) ~[?:1.8.0_111]
	at sun.reflect.NativeConstructorAccessorImpl.newInstance(NativeConstructorAccessorImpl.java:62) ~[?:1.8.0_111]
	at sun.reflect.DelegatingConstructorAccessorImpl.newInstance(DelegatingConstructorAccessorImpl.java:45) ~[?:1.8.0_111]
	at java.lang.reflect.Constructor.newInstance(Constructor.java:423) ~[?:1.8.0_111]
	at com.mysql.jdbc.Util.handleNewInstance(Util.java:404) ~[mysql-connector-java-5.1.38.jar:5.1.38]
	at com.mysql.jdbc.ConnectionImpl.getInstance(ConnectionImpl.java:400) ~[mysql-connector-java-5.1.38.jar:5.1.38]
	at com.mysql.jdbc.NonRegisteringDriver.connect(NonRegisteringDriver.java:327) ~[mysql-connector-java-5.1.38.jar:5.1.38]
	at com.alibaba.druid.pool.DruidAbstractDataSource.createPhysicalConnection(DruidAbstractDataSource.java:1513) ~[druid-1.1.9.jar:1.1.9]
	at com.alibaba.druid.pool.DruidAbstractDataSource.createPhysicalConnection(DruidAbstractDataSource.java:1578) ~[druid-1.1.9.jar:1.1.9]
	at com.alibaba.druid.pool.DruidDataSource.init(DruidDataSource.java:859) [druid-1.1.9.jar:1.1.9]
	at com.alibaba.druid.pool.DruidDataSource.getConnection(DruidDataSource.java:1227) [druid-1.1.9.jar:1.1.9]
	at com.alibaba.druid.pool.DruidDataSource.getConnection(DruidDataSource.java:1223) [druid-1.1.9.jar:1.1.9]
	at com.alibaba.druid.pool.DruidDataSource.getConnection(DruidDataSource.java:90) [druid-1.1.9.jar:1.1.9]
	at TestDemo.main(TestDemo.java:96) [test-classes/:?]
Caused by: java.net.ConnectException: Connection timed out: connect
	at java.net.DualStackPlainSocketImpl.connect0(Native Method) ~[?:1.8.0_111]
	at java.net.DualStackPlainSocketImpl.socketConnect(DualStackPlainSocketImpl.java:79) ~[?:1.8.0_111]
	at java.net.AbstractPlainSocketImpl.doConnect(AbstractPlainSocketImpl.java:350) ~[?:1.8.0_111]
	at java.net.AbstractPlainSocketImpl.connectToAddress(AbstractPlainSocketImpl.java:206) ~[?:1.8.0_111]
	at java.net.AbstractPlainSocketImpl.connect(AbstractPlainSocketImpl.java:188) ~[?:1.8.0_111]
	at java.net.PlainSocketImpl.connect(PlainSocketImpl.java:172) ~[?:1.8.0_111]
	at java.net.SocksSocketImpl.connect(SocksSocketImpl.java:392) ~[?:1.8.0_111]
	at java.net.Socket.connect(Socket.java:589) ~[?:1.8.0_111]
	at com.mysql.jdbc.StandardSocketFactory.connect(StandardSocketFactory.java:211) ~[mysql-connector-java-5.1.38.jar:5.1.38]
	at com.mysql.jdbc.MysqlIO.<init>(MysqlIO.java:298) ~[mysql-connector-java-5.1.38.jar:5.1.38]
	... 19 more
2019-08-15 20:44:52.576 [main] INFO [com.alibaba.druid.pool.DruidDataSource.init] - {dataSource-1} inited
